# ELBREAD: Elaboration process.
# ELBREAD: Elaboration time 0.0 [s].
acom -O3 -e 100 -work q2 -2002  $dsn/src/q2.vhd
# Warning: DAGGEN_0523: The source is compiled without the -dbg switch. Line breakpoints and assertion debug will not be available.
# File: F:/HW3_99400064/q2/q2/src/q2.vhd
# Compile Package "recursive_functions"
# Compile Package Body "recursive_functions"
# Compile Entity "BinaryReverser"
# Compile Architecture "Behavioral" of Entity "BinaryReverser"
# Compile success 0 Errors 0 Warnings  Analysis time :  47.0 [ms]
acom -O3 -e 100 -work q2 -2002  $dsn/src/q2.vhd
# Warning: DAGGEN_0523: The source is compiled without the -dbg switch. Line breakpoints and assertion debug will not be available.
# File: F:/HW3_99400064/q2/q2/src/q2.vhd
# Compile Package "recursive_functions"
# Compile Package Body "recursive_functions"
# Compile Entity "BinaryReverser"
# Compile Architecture "Behavioral" of Entity "BinaryReverser"
# Compile success 0 Errors 0 Warnings  Analysis time :  47.0 [ms]
acom -O3 -e 100 -work q2 -2002  $dsn/src/q2.vhd
# Warning: DAGGEN_0523: The source is compiled without the -dbg switch. Line breakpoints and assertion debug will not be available.
# File: F:/HW3_99400064/q2/q2/src/q2.vhd
# Compile Package "recursive_functions"
# Compile Package Body "recursive_functions"
# Compile Entity "BinaryReverser"
# Compile Architecture "Behavioral" of Entity "BinaryReverser"
# Compile success 0 Errors 0 Warnings  Analysis time :  47.0 [ms]
acom -O3 -e 100 -work q2 -2002  $dsn/src/q2.vhd
# Warning: DAGGEN_0523: The source is compiled without the -dbg switch. Line breakpoints and assertion debug will not be available.
# File: F:/HW3_99400064/q2/q2/src/q2.vhd
# Compile Package "recursive_functions"
# Compile Package Body "recursive_functions"
# Compile Entity "BinaryReverser"
# Compile Architecture "Behavioral" of Entity "BinaryReverser"
# Compile success 0 Errors 0 Warnings  Analysis time :  47.0 [ms]
