Active-HDL 13.0.375.8320 2023-07-01 11:37:34

Elaboration top modules:
Architecture                  TB_ARCHITECTURE(convert_tb)


------------------------------------------------------------------------------------------------
Entity     | Architecture    | Library | Info | Compiler Version          | Compilation Options
------------------------------------------------------------------------------------------------
convert_tb | TB_ARCHITECTURE | q4      |      | 13.0.375.8320 (Windows64) | -O3
convert    | Behavioral      | q4      |      | 13.0.375.8320 (Windows64) | -O3
------------------------------------------------------------------------------------------------

------------------------------------------------------------------------------------------------
VHDL Package                 | Library | Info | Compiler Version          | Compilation Options
------------------------------------------------------------------------------------------------
standard                     | std     |      |                           | <unavailable>
TEXTIO                       | std     |      | 13.0.375.8320 (Windows64) |  -2019
std_logic_1164               | ieee    |      | 13.0.375.8320 (Windows64) |  -2008
------------------------------------------------------------------------------------------------

------------------------------------------------------------------------------------------------
Library                      | Comment
------------------------------------------------------------------------------------------------
ieee                         | Standard IEEE packages library
q4                           | None
std                          | Standard VHDL library
------------------------------------------------------------------------------------------------
