Active-HDL 13.0.375.8320 2023-06-01 20:10:14

Elaboration top modules:
Architecture                  TB_ARCHITECTURE(q3_tb)


----------------------------------------------------------------------------------------------
Entity   | Architecture    | Library | Info | Compiler Version          | Compilation Options
----------------------------------------------------------------------------------------------
q3_tb    | TB_ARCHITECTURE | q3      |      | 13.0.375.8320 (Windows64) | -O3
Q3       | Behavioral      | q3      |      | 13.0.375.8320 (Windows64) | -O3
----------------------------------------------------------------------------------------------

----------------------------------------------------------------------------------------------
VHDL Package               | Library | Info | Compiler Version          | Compilation Options
----------------------------------------------------------------------------------------------
standard                   | std     |      |                           | <unavailable>
TEXTIO                     | std     |      | 13.0.375.8320 (Windows64) |  -2019
std_logic_1164             | ieee    |      | 13.0.375.8320 (Windows64) |  -2008
NUMERIC_STD                | ieee    |      | 13.0.375.8320 (Windows64) |  -2008
----------------------------------------------------------------------------------------------

----------------------------------------------------------------------------------------------
Library                    | Comment
----------------------------------------------------------------------------------------------
ieee                       | Standard IEEE packages library
q3                         | None
std                        | Standard VHDL library
----------------------------------------------------------------------------------------------


Simulation Options: asim -O5 +access +r +m+q3_tb q3_tb TB_ARCHITECTURE

