# ELBREAD: Elaboration process.
# ELBREAD: Elaboration time 0.0 [s].
acom -O3 -e 100 -work q4 -2002  $dsn/src/TestBench/d_reg_TB.vhd
# Warning: DAGGEN_0523: The source is compiled without the -dbg switch. Line breakpoints and assertion debug will not be available.
# File: C:/Users/Jasmine/Desktop/Midterm/Question4/Question4/q4/src/TestBench/d_reg_TB.vhd
# Compile Entity "tb_d_reg"
# Compile Architecture "behavior" of Entity "tb_d_reg"
# Error: COMP96_0078: TestBench/d_reg_TB.vhd : (33, 7): Unknown identifier "clock".
# Error: COMP96_0078: TestBench/d_reg_TB.vhd : (33, 20): Unknown identifier "clock".
# Error: COMP96_0133: TestBench/d_reg_TB.vhd : (33, 7): Cannot find object declaration.
# Compile failure 3 Errors 0 Warnings  Analysis time :  15.0 [ms]
acom -O3 -e 100 -work q4 -2002  $dsn/src/TestBench/d_reg_TB.vhd
# Warning: DAGGEN_0523: The source is compiled without the -dbg switch. Line breakpoints and assertion debug will not be available.
# File: C:/Users/Jasmine/Desktop/Midterm/Question4/Question4/q4/src/TestBench/d_reg_TB.vhd
# Compile Entity "tb_d_reg"
# Compile Architecture "behavior" of Entity "tb_d_reg"
# Error: COMP96_0078: TestBench/d_reg_TB.vhd : (33, 7): Unknown identifier "clock".
# Error: COMP96_0078: TestBench/d_reg_TB.vhd : (33, 20): Unknown identifier "clock".
# Error: COMP96_0133: TestBench/d_reg_TB.vhd : (33, 7): Cannot find object declaration.
# Compile failure 3 Errors 0 Warnings  Analysis time :  16.0 [ms]
acom -O3 -e 100 -work q4 -2002  $dsn/src/TestBench/d_reg_TB.vhd
# Warning: DAGGEN_0523: The source is compiled without the -dbg switch. Line breakpoints and assertion debug will not be available.
# File: C:/Users/Jasmine/Desktop/Midterm/Question4/Question4/q4/src/TestBench/d_reg_TB.vhd
# Compile Entity "tb_d_reg"
# Compile Architecture "behavior" of Entity "tb_d_reg"
# Error: COMP96_0078: TestBench/d_reg_TB.vhd : (33, 18): Unknown identifier "clock".
# Error: COMP96_0133: TestBench/d_reg_TB.vhd : (33, 18): Cannot find object declaration.
# Error: COMP96_0077: TestBench/d_reg_TB.vhd : (33, 14): Undefined type of expression. Expected type 'BIT'.
# Compile failure 3 Errors 0 Warnings  Analysis time :  16.0 [ms]
acom -O3 -e 100 -work q4 -2002  $dsn/src/TestBench/d_reg_TB.vhd
# Warning: DAGGEN_0523: The source is compiled without the -dbg switch. Line breakpoints and assertion debug will not be available.
# File: C:/Users/Jasmine/Desktop/Midterm/Question4/Question4/q4/src/TestBench/d_reg_TB.vhd
# Compile Entity "tb_d_reg"
# Compile Architecture "behavior" of Entity "tb_d_reg"
# Compile success 0 Errors 0 Warnings  Analysis time :  32.0 [ms]
asim -O5 +access +r +m+tb_d_reg tb_d_reg behavior
# ELBREAD: Elaboration process.
# ELBREAD: Elaboration time 0.0 [s].
# VSIM: Stack memory: 32MB
# VSIM: Retval memory: 32MB
acom -O3 -e 100 -work q4 -2002  $dsn/src/q4.vhd
# Warning: DAGGEN_0523: The source is compiled without the -dbg switch. Line breakpoints and assertion debug will not be available.
# File: C:/Users/Jasmine/Desktop/Midterm/Question4/Question4/q4/src/q4.vhd
# Compile Entity "jkff"
# Compile Architecture "behavior" of Entity "jkff"
# Compile Entity "d_reg"
# Compile Architecture "behavioral" of Entity "d_reg"
# Warning: DAGGEN_0002: q4.vhd : (52, 0): Process has no effect - no sequential statements.
# Compile success 0 Errors 1 Warnings  Analysis time :  47.0 [ms]
# ELBREAD: Elaboration process.
# ELBREAD: Elaboration time 0.0 [s].
# KERNEL: Main thread initiated.
# KERNEL: Kernel process initialization phase.
# ELAB2: Elaboration final pass...
# ELAB2: Create instances ...
# KERNEL: Time resolution set to 1ps.
# ELAB2: Create instances complete.
# SLP: Started
# SLP: Elaboration phase ...
# SLP: Elaboration phase ... skipped, nothing to simulate in SLP mode : 0.0 [s]
# SLP: Finished : 0.0 [s]
# ELAB2: Elaboration final pass complete - time: 0.0 [s].
# KERNEL: Kernel process initialization done.
# Allocation: Simulator allocated 6465 kB (elbread=427 elab2=5898 kernel=139 sdf=0)
# KERNEL: ASDB file was created in location C:\Users\Jasmine\Desktop\Midterm\Question4\Question4\q4\src\wave.asdb
#  3:45 PM, Friday, June 2, 2023
#  Simulation has been initialized
# VSIM: 4 object(s) traced.
# Waveform file 'untitled.awc' connected to 'C:/Users/Jasmine/Desktop/Midterm/Question4/Question4/q4/src/wave.asdb'.
run 100 ns
# KERNEL: stopped at time: 100 ns
run 100 ns
# KERNEL: stopped at time: 200 ns
endsim
# VSIM: Simulation has finished.
asim -O5 +access +r +m+tb_d_reg tb_d_reg behavior
# ELBREAD: Elaboration process.
# ELBREAD: Elaboration time 0.0 [s].
# VSIM: Stack memory: 32MB
# VSIM: Retval memory: 32MB
acom -O3 -e 100 -work q4 -2002  $dsn/src/TestBench/d_reg_TB.vhd
# Warning: DAGGEN_0523: The source is compiled without the -dbg switch. Line breakpoints and assertion debug will not be available.
# File: C:/Users/Jasmine/Desktop/Midterm/Question4/Question4/q4/src/TestBench/d_reg_TB.vhd
# Compile Entity "tb_d_reg"
# Compile Architecture "behavior" of Entity "tb_d_reg"
# Error: COMP96_0071: TestBench/d_reg_TB.vhd : (33, 22): Operator "/" is not defined for such operands.
# Error: COMP96_0077: TestBench/d_reg_TB.vhd : (33, 14): Undefined type of expression. Expected type 'BIT'.
# Compile failure 2 Errors 0 Warnings  Analysis time :  0.0 [ms]
# ELBREAD: Elaboration process.
# ELBREAD: Elaboration time 0.0 [s].
# KERNEL: Main thread initiated.
# KERNEL: Kernel process initialization phase.
# ELAB2: Elaboration final pass...
# ELAB2: Create instances ...
# KERNEL: Time resolution set to 1ps.
# ELAB2: Create instances complete.
# SLP: Started
# SLP: Elaboration phase ...
# SLP: Elaboration phase ... skipped, nothing to simulate in SLP mode : 0.0 [s]
# SLP: Finished : 0.0 [s]
# ELAB2: Elaboration final pass complete - time: 0.0 [s].
# KERNEL: Kernel process initialization done.
# Allocation: Simulator allocated 6465 kB (elbread=427 elab2=5898 kernel=139 sdf=0)
# KERNEL: ASDB file was created in location C:\Users\Jasmine\Desktop\Midterm\Question4\Question4\q4\src\wave.asdb
#  3:47 PM, Friday, June 2, 2023
#  Simulation has been initialized
# Waveform file 'untitled.awc' connected to 'C:/Users/Jasmine/Desktop/Midterm/Question4/Question4/q4/src/wave.asdb'.
# VSIM: 4 object(s) traced.
run 100 ns
# KERNEL: stopped at time: 100 ns
run 100 ns
# KERNEL: stopped at time: 200 ns
endsim
# VSIM: Simulation has finished.
acom -O3 -e 100 -work q4 -2002  $dsn/src/TestBench/d_reg_TB.vhd
# Warning: DAGGEN_0523: The source is compiled without the -dbg switch. Line breakpoints and assertion debug will not be available.
# File: C:/Users/Jasmine/Desktop/Midterm/Question4/Question4/q4/src/TestBench/d_reg_TB.vhd
# Compile Entity "tb_d_reg"
# Compile Architecture "behavior" of Entity "tb_d_reg"
# Compile success 0 Errors 0 Warnings  Analysis time :  15.0 [ms]
acom -O3 -e 100 -work q4 -2002  $dsn/src/TestBench/d_reg_TB.vhd
# Warning: DAGGEN_0523: The source is compiled without the -dbg switch. Line breakpoints and assertion debug will not be available.
# File: C:/Users/Jasmine/Desktop/Midterm/Question4/Question4/q4/src/TestBench/d_reg_TB.vhd
# Compile Entity "tb_d_reg"
# Compile Architecture "behavior" of Entity "tb_d_reg"
# Compile success 0 Errors 0 Warnings  Analysis time :  31.0 [ms]
asim -O5 +access +r +m+tb_d_reg tb_d_reg behavior
# ELBREAD: Elaboration process.
# ELBREAD: Elaboration time 0.0 [s].
# VSIM: Stack memory: 32MB
# VSIM: Retval memory: 32MB
# KERNEL: Main thread initiated.
# KERNEL: Kernel process initialization phase.
# ELAB2: Elaboration final pass...
# ELAB2: Create instances ...
# KERNEL: Time resolution set to 1ps.
# ELAB2: Create instances complete.
# SLP: Started
# SLP: Elaboration phase ...
# SLP: Elaboration phase ... skipped, nothing to simulate in SLP mode : 0.0 [s]
# SLP: Finished : 0.0 [s]
# ELAB2: Elaboration final pass complete - time: 0.0 [s].
# KERNEL: Kernel process initialization done.
# Allocation: Simulator allocated 6466 kB (elbread=427 elab2=5899 kernel=139 sdf=0)
# KERNEL: ASDB file was created in location C:\Users\Jasmine\Desktop\Midterm\Question4\Question4\q4\src\wave.asdb
#  3:48 PM, Friday, June 2, 2023
#  Simulation has been initialized
# VSIM: 4 object(s) traced.
# Waveform file 'untitled.awc' connected to 'C:/Users/Jasmine/Desktop/Midterm/Question4/Question4/q4/src/wave.asdb'.
run 100 ns
# KERNEL: stopped at time: 100 ns
run 100 ns
# KERNEL: stopped at time: 200 ns
