# ELBREAD: Elaboration process.
# ELBREAD: Elaboration time 0.0 [s].
# Waveform file 'F:/cad/HW2_99400064/q3/Q3/src/wave3.awc' connected to 'F:/cad/HW2_99400064/q3/Q3/src/wave3.asdb'.
# Waveform file 'untitled.awc' connected to 'F:/cad/HW2_99400064/q3/Q3/src/wave3.asdb'.
acom -O3 -e 100 -work Q3 -2002  $dsn/src/TestBench/q3_TB.vhd
# Warning: DAGGEN_0523: The source is compiled without the -dbg switch. Line breakpoints and assertion debug will not be available.
# File: F:/cad/HW2_99400064/q3/Q3/src/TestBench/q3_TB.vhd
# Compile Entity "q3_tb"
# Compile Architecture "TB_ARCHITECTURE" of Entity "q3_tb"
# Compile Configuration "TESTBENCH_FOR_q3"
# Compile success 0 Errors 0 Warnings  Analysis time :  47.0 [ms]
acom -O3 -e 100 -work Q3 -2002  $dsn/src/Q3.vhd $dsn/src/TestBench/q3_TB.vhd
# Warning: DAGGEN_0523: The source is compiled without the -dbg switch. Line breakpoints and assertion debug will not be available.
# File: F:/cad/HW2_99400064/q3/Q3/src/Q3.vhd
# Compile Entity "Q3"
# Compile Architecture "Behavioral" of Entity "Q3"
# File: F:/cad/HW2_99400064/q3/Q3/src/TestBench/q3_TB.vhd
# Compile Entity "q3_tb"
# Compile Architecture "TB_ARCHITECTURE" of Entity "q3_tb"
# Compile Configuration "TESTBENCH_FOR_q3"
# Compile success 0 Errors 0 Warnings  Analysis time :  78.0 [ms]
acom -O3 -e 100 -work Q3 -2002  $dsn/src/Q3.vhd $dsn/src/TestBench/q3_TB.vhd
# Warning: DAGGEN_0523: The source is compiled without the -dbg switch. Line breakpoints and assertion debug will not be available.
# File: F:/cad/HW2_99400064/q3/Q3/src/Q3.vhd
# Compile Entity "Q3"
# Compile Architecture "Behavioral" of Entity "Q3"
# File: F:/cad/HW2_99400064/q3/Q3/src/TestBench/q3_TB.vhd
# Compile Entity "q3_tb"
# Compile Architecture "TB_ARCHITECTURE" of Entity "q3_tb"
# Compile Configuration "TESTBENCH_FOR_q3"
# Compile success 0 Errors 0 Warnings  Analysis time :  47.0 [ms]
asim -O5 +access +r +m+q3_tb q3_tb TB_ARCHITECTURE
# ELBREAD: Elaboration process.
# ELBREAD: Elaboration time 0.0 [s].
# VSIM: Stack memory: 32MB
# VSIM: Retval memory: 32MB
# KERNEL: Main thread initiated.
# KERNEL: Kernel process initialization phase.
# ELAB2: Elaboration final pass...
# ELAB2: Create instances ...
# KERNEL: Time resolution set to 1ps.
# ELAB2: Create instances complete.
# SLP: Started
# SLP: Elaboration phase ...
# SLP: Elaboration phase ... skipped, nothing to simulate in SLP mode : 0.0 [s]
# SLP: Finished : 0.0 [s]
# ELAB2: Elaboration final pass complete - time: 0.0 [s].
# KERNEL: Kernel process initialization done.
# Allocation: Simulator allocated 5565 kB (elbread=427 elab2=4999 kernel=139 sdf=0)
# KERNEL: ASDB file was created in location F:\cad\HW2_99400064\q3\Q3\src\wave.asdb
#  8:10 PM, Thursday, June 1, 2023
#  Simulation has been initialized
run 100 ns
# KERNEL: stopped at time: 100 ns
run 100 ns
# KERNEL: stopped at time: 200 ns
# VSIM: 2 object(s) traced.
# Waveform file 'untitled.awc' connected to 'F:/cad/HW2_99400064/q3/Q3/src/wave.asdb'.
run 100 ns
# KERNEL: stopped at time: 300 ns
run 100 ns
# KERNEL: stopped at time: 400 ns
run 100 ns
# KERNEL: stopped at time: 500 ns
run 100 ns
# KERNEL: stopped at time: 600 ns
run 100 ns
# KERNEL: stopped at time: 700 ns
run 100 ns
# KERNEL: stopped at time: 800 ns
# Waveform file 'F:/cad/HW2_99400064/q3/Q3/src/wave1.awc' connected to 'F:/cad/HW2_99400064/q3/Q3/src/wave1.asdb'.
# Adding file F:\cad\HW2_99400064\q3\Q3\src\wave1.asdb ... Done
# Adding file F:\cad\HW2_99400064\q3\Q3\src\wave1.awc ... Done
endsim
# VSIM: Simulation has finished.
acom -O3 -e 100 -work Q3 -2002  $dsn/src/Q3.vhd $dsn/src/TestBench/q3_TB.vhd
# Warning: DAGGEN_0523: The source is compiled without the -dbg switch. Line breakpoints and assertion debug will not be available.
# File: F:/cad/HW2_99400064/q3/Q3/src/Q3.vhd
# Compile Entity "Q3"
# Compile Architecture "Behavioral" of Entity "Q3"
# File: F:/cad/HW2_99400064/q3/Q3/src/TestBench/q3_TB.vhd
# Compile Entity "q3_tb"
# Compile Architecture "TB_ARCHITECTURE" of Entity "q3_tb"
# Compile Configuration "TESTBENCH_FOR_q3"
# Compile success 0 Errors 0 Warnings  Analysis time :  31.0 [ms]
# Waveform file 'untitled.awc' connected to 'F:/cad/HW2_99400064/q3/Q3/src/wave1.asdb'.
# Waveform file 'F:/cad/HW2_99400064/q3/Q3/src/wave1.awc' connected to 'F:/cad/HW2_99400064/q3/Q3/src/wave1.asdb'.
# Waveform file 'F:/cad/HW2_99400064/q3/Q3/src/wave1.awc' connected to 'F:/cad/HW2_99400064/q3/Q3/src/wave1.asdb'.
# Waveform file 'untitled.awc' connected to 'F:/cad/HW2_99400064/q3/Q3/src/wave1.asdb'.
# Waveform file 'F:/cad/HW2_99400064/q3/Q3/src/wave1.awc' connected to 'F:/cad/HW2_99400064/q3/Q3/src/wave1.asdb'.
