# ELBREAD: Elaboration process.
# ELBREAD: Elaboration time 0.0 [s].
acom -O3 -e 100 -work Q1 -2002  $dsn/src/TestBench/my_example_TB.vhd
# Warning: DAGGEN_0523: The source is compiled without the -dbg switch. Line breakpoints and assertion debug will not be available.
# File: F:/cad/HW2_99400064/q1/Q1/src/TestBench/my_example_TB.vhd
# Compile Entity "my_example_tb"
# Compile Architecture "testbench" of Entity "my_example_tb"
# Compile success 0 Errors 0 Warnings  Analysis time :  47.0 [ms]
acom -O3 -e 100 -work Q1 -2002  $dsn/src/TestBench/my_example_TB.vhd
# Warning: DAGGEN_0523: The source is compiled without the -dbg switch. Line breakpoints and assertion debug will not be available.
# File: F:/cad/HW2_99400064/q1/Q1/src/TestBench/my_example_TB.vhd
# Compile Entity "my_example_tb"
# Compile Architecture "testbench" of Entity "my_example_tb"
# Compile success 0 Errors 0 Warnings  Analysis time :  15.0 [ms]
acom -O3 -e 100 -work Q1 -2002  $dsn/src/Q1.vhd
# Warning: DAGGEN_0523: The source is compiled without the -dbg switch. Line breakpoints and assertion debug will not be available.
# File: F:/cad/HW2_99400064/q1/Q1/src/Q1.vhd
# Compile Package "my_array"
# Compile Entity "my_example"
# Compile Architecture "behave" of Entity "my_example"
# Compile success 0 Errors 0 Warnings  Analysis time :  46.0 [ms]
acom -O3 -e 100 -work Q1 -2002  $dsn/src/Q1.vhd
# Warning: DAGGEN_0523: The source is compiled without the -dbg switch. Line breakpoints and assertion debug will not be available.
# File: F:/cad/HW2_99400064/q1/Q1/src/Q1.vhd
# Compile Package "my_array"
# Compile Entity "my_example"
# Compile Architecture "behave" of Entity "my_example"
# Compile success 0 Errors 0 Warnings  Analysis time :  15.0 [ms]
acom -O3 -e 100 -work Q1 -2002  $dsn/src/Q1.vhd $dsn/src/TestBench/my_example_TB.vhd
# Warning: DAGGEN_0523: The source is compiled without the -dbg switch. Line breakpoints and assertion debug will not be available.
# File: F:/cad/HW2_99400064/q1/Q1/src/Q1.vhd
# Compile Package "my_array"
# Compile Entity "my_example"
# Compile Architecture "behave" of Entity "my_example"
# File: F:/cad/HW2_99400064/q1/Q1/src/TestBench/my_example_TB.vhd
# Compile Entity "my_example_tb"
# Compile Architecture "testbench" of Entity "my_example_tb"
# Compile success 0 Errors 0 Warnings  Analysis time :  31.0 [ms]
acom -O3 -e 100 -work Q1 -2002  $dsn/src/Q1.vhd $dsn/src/TestBench/my_example_TB.vhd
# Warning: DAGGEN_0523: The source is compiled without the -dbg switch. Line breakpoints and assertion debug will not be available.
# File: F:/cad/HW2_99400064/q1/Q1/src/Q1.vhd
# Compile Package "my_array"
# Compile Entity "my_example"
# Compile Architecture "behave" of Entity "my_example"
# File: F:/cad/HW2_99400064/q1/Q1/src/TestBench/my_example_TB.vhd
# Compile Entity "my_example_tb"
# Compile Architecture "testbench" of Entity "my_example_tb"
# Compile success 0 Errors 0 Warnings  Analysis time :  47.0 [ms]
acom -O3 -e 100 -work Q1 -2002  $dsn/src/Q1.vhd $dsn/src/TestBench/my_example_TB.vhd
# Warning: DAGGEN_0523: The source is compiled without the -dbg switch. Line breakpoints and assertion debug will not be available.
# File: F:/cad/HW2_99400064/q1/Q1/src/Q1.vhd
# Compile Package "my_array"
# Compile Entity "my_example"
# Compile Architecture "behave" of Entity "my_example"
# File: F:/cad/HW2_99400064/q1/Q1/src/TestBench/my_example_TB.vhd
# Compile Entity "my_example_tb"
# Compile Architecture "testbench" of Entity "my_example_tb"
# Compile success 0 Errors 0 Warnings  Analysis time :  31.0 [ms]
