Active-HDL 13.0.375.8320 2023-06-30 22:47:45

Elaboration top modules:
Architecture                  Behavioral(BinaryReverser)


-------------------------------------------------------------------------------------------------
Entity         | Architecture | Library | Info | Compiler Version          | Compilation Options
-------------------------------------------------------------------------------------------------
BinaryReverser | Behavioral   | q2      |      | 13.0.375.8320 (Windows64) | -O3
-------------------------------------------------------------------------------------------------

-------------------------------------------------------------------------------------------------
VHDL Package                  | Library | Info | Compiler Version          | Compilation Options
-------------------------------------------------------------------------------------------------
standard                      | std     |      |                           | <unavailable>
TEXTIO                        | std     |      | 13.0.375.8320 (Windows64) |  -2019
std_logic_1164                | ieee    |      | 13.0.375.8320 (Windows64) |  -2008
NUMERIC_STD                   | ieee    |      | 13.0.375.8320 (Windows64) |  -2008
recursive_functions           | q2      |      | 13.0.375.8320 (Windows64) | -O3
-------------------------------------------------------------------------------------------------

-------------------------------------------------------------------------------------------------
Library                       | Comment
-------------------------------------------------------------------------------------------------
ieee                          | Standard IEEE packages library
q2                            | None
std                           | Standard VHDL library
-------------------------------------------------------------------------------------------------
