Active-HDL 13.0.375.8320 2023-06-02 15:54:17

Elaboration top modules:
Architecture                  behavioral(bcd_sum)


--------------------------------------------------------------------------------------------
Entity    | Architecture | Library | Info | Compiler Version          | Compilation Options
--------------------------------------------------------------------------------------------
bcd_sum   | behavioral   | q2      |      | 13.0.375.8320 (Windows64) | -O3
bcd_adder | behavioral   | q2      |      | 13.0.375.8320 (Windows64) | -O3
ha        | behavioral   | q2      |      | 13.0.375.8320 (Windows64) | -O3
fa        | behavioral   | q2      |      | 13.0.375.8320 (Windows64) | -O3
--------------------------------------------------------------------------------------------

--------------------------------------------------------------------------------------------
VHDL Package             | Library | Info | Compiler Version          | Compilation Options
--------------------------------------------------------------------------------------------
standard                 | std     |      |                           | <unavailable>
TEXTIO                   | std     |      | 13.0.375.8320 (Windows64) |  -2019
std_logic_1164           | ieee    |      | 13.0.375.8320 (Windows64) |  -2008
NUMERIC_STD              | ieee    |      | 13.0.375.8320 (Windows64) |  -2008
--------------------------------------------------------------------------------------------

--------------------------------------------------------------------------------------------
Library                  | Comment
--------------------------------------------------------------------------------------------
ieee                     | Standard IEEE packages library
q2                       | None
std                      | Standard VHDL library
--------------------------------------------------------------------------------------------
